07:32:59 INFO	All turtle train: 9524 imgs, 611 identities
07:33:03 INFO	Loading pretrained weights from Hugging Face hub (BVRA/MegaDescriptor-L-384)
07:33:05 INFO	num_classes mismatch (612 vs 611), training from scratch
07:33:40 INFO	    val: ARI=0.8824 (n=1298, ids=65)
07:33:53 INFO	    calib: ARI=0.6510 (n=500, ids=324)
07:34:06 INFO	    calib: ARI=0.5774 (n=500, ids=321)
07:34:06 INFO	Baseline mean ARI (val+calib): 0.7036
07:34:06 INFO	
======================================================================
07:34:06 INFO	phase0_head: 4 ep  bb=0%  lr_h=1e-03  lr_b=0e+00
07:34:06 INFO	======================================================================
07:35:49 INFO	  [ep  0] phase0_head loss=4.568 s=16 m=0.00 (103s)
07:36:24 INFO	    val: ARI=0.8824 (n=1298, ids=65)
07:36:37 INFO	    calib: ARI=0.6510 (n=500, ids=324)
07:36:51 INFO	    calib: ARI=0.5774 (n=500, ids=321)
07:36:51 INFO	    mean ARI=0.7036 (best 0.7036)
07:38:37 INFO	  [ep  1] phase0_head loss=2.885 s=16 m=0.00 (106s)
07:41:34 INFO	  [ep  2] phase0_head loss=2.343 s=16 m=0.00 (177s)
07:42:15 INFO	    val: ARI=0.8824 (n=1298, ids=65)
07:42:28 INFO	    calib: ARI=0.6510 (n=500, ids=324)
07:42:41 INFO	    calib: ARI=0.5774 (n=500, ids=321)
07:42:41 INFO	    mean ARI=0.7036 (best 0.7036)
07:44:24 INFO	  [ep  3] phase0_head loss=2.058 s=16 m=0.00 (102s)
07:44:58 INFO	    val: ARI=0.8824 (n=1298, ids=65)
07:45:10 INFO	    calib: ARI=0.6510 (n=500, ids=324)
07:45:23 INFO	    calib: ARI=0.5774 (n=500, ids=321)
07:45:23 INFO	    mean ARI=0.7036 (best 0.7036)
07:45:23 INFO	
======================================================================
07:45:23 INFO	phase1_top10: 12 ep  bb=10%  lr_h=1e-03  lr_b=1e-05
07:45:23 INFO	======================================================================
07:47:15 INFO	  [ep  4] phase1_top10 loss=2.205 s=16 m=0.00 (112s)
07:47:48 INFO	    val: ARI=0.8942 (n=1298, ids=65)
07:48:01 INFO	    calib: ARI=0.7073 (n=500, ids=324)
07:48:14 INFO	    calib: ARI=0.6375 (n=500, ids=321)
07:48:14 INFO	    mean ARI=0.7463 (best 0.7036)
07:48:14 INFO	    [ckpt] saved ARI=0.7463
07:49:54 INFO	  [ep  5] phase1_top10 loss=1.958 s=17 m=0.01 (100s)
07:51:51 INFO	  [ep  6] phase1_top10 loss=1.770 s=19 m=0.02 (117s)
07:52:25 INFO	    val: ARI=0.9062 (n=1298, ids=65)
07:52:37 INFO	    calib: ARI=0.7124 (n=500, ids=324)
07:52:50 INFO	    calib: ARI=0.6867 (n=500, ids=321)
07:52:50 INFO	    mean ARI=0.7685 (best 0.7463)
07:52:51 INFO	    [ckpt] saved ARI=0.7685
07:54:40 INFO	  [ep  7] phase1_top10 loss=1.643 s=20 m=0.03 (110s)
07:56:29 INFO	  [ep  8] phase1_top10 loss=1.591 s=22 m=0.04 (109s)
07:57:02 INFO	    val: ARI=0.9066 (n=1298, ids=65)
07:57:14 INFO	    calib: ARI=0.7208 (n=500, ids=324)
07:57:27 INFO	    calib: ARI=0.6986 (n=500, ids=321)
07:57:27 INFO	    mean ARI=0.7753 (best 0.7685)
07:57:28 INFO	    [ckpt] saved ARI=0.7753
07:59:03 INFO	  [ep  9] phase1_top10 loss=1.518 s=23 m=0.05 (95s)
08:00:37 INFO	  [ep 10] phase1_top10 loss=1.509 s=25 m=0.05 (95s)
08:01:07 INFO	    val: ARI=0.9118 (n=1298, ids=65)
08:01:18 INFO	    calib: ARI=0.7312 (n=500, ids=324)
08:01:29 INFO	    calib: ARI=0.7031 (n=500, ids=321)
08:01:29 INFO	    mean ARI=0.7821 (best 0.7753)
08:01:30 INFO	    [ckpt] saved ARI=0.7821
08:03:04 INFO	  [ep 11] phase1_top10 loss=1.488 s=26 m=0.06 (94s)
08:04:39 INFO	  [ep 12] phase1_top10 loss=1.482 s=28 m=0.07 (95s)
08:05:09 INFO	    val: ARI=0.9158 (n=1298, ids=65)
08:05:20 INFO	    calib: ARI=0.7387 (n=500, ids=324)
08:05:31 INFO	    calib: ARI=0.7031 (n=500, ids=321)
08:05:31 INFO	    mean ARI=0.7859 (best 0.7821)
08:05:32 INFO	    [ckpt] saved ARI=0.7859
08:07:06 INFO	  [ep 13] phase1_top10 loss=1.496 s=29 m=0.08 (94s)
08:08:40 INFO	  [ep 14] phase1_top10 loss=1.529 s=31 m=0.09 (94s)
08:09:10 INFO	    val: ARI=0.9161 (n=1298, ids=65)
08:09:21 INFO	    calib: ARI=0.7412 (n=500, ids=324)
08:09:32 INFO	    calib: ARI=0.7048 (n=500, ids=321)
08:09:32 INFO	    mean ARI=0.7874 (best 0.7859)
08:09:33 INFO	    [ckpt] saved ARI=0.7874
08:11:09 INFO	  [ep 15] phase1_top10 loss=1.568 s=32 m=0.10 (96s)
08:11:38 INFO	    val: ARI=0.9095 (n=1298, ids=65)
08:11:49 INFO	    calib: ARI=0.7424 (n=500, ids=324)
08:12:01 INFO	    calib: ARI=0.7100 (n=500, ids=321)
08:12:01 INFO	    mean ARI=0.7873 (best 0.7874)
08:12:01 INFO	
======================================================================
08:12:01 INFO	phase2_top30: 20 ep  bb=30%  lr_h=5e-04  lr_b=1e-05
08:12:01 INFO	======================================================================
08:13:59 INFO	  [ep 16] phase2_top30 loss=1.526 s=32 m=0.10 (118s)
08:14:28 INFO	    val: ARI=0.9143 (n=1298, ids=65)
08:14:39 INFO	    calib: ARI=0.7440 (n=500, ids=324)
08:14:51 INFO	    calib: ARI=0.7085 (n=500, ids=321)
08:14:51 INFO	    mean ARI=0.7889 (best 0.7874)
08:14:51 INFO	    [ckpt] saved ARI=0.7889
08:16:50 INFO	  [ep 17] phase2_top30 loss=1.545 s=34 m=0.11 (118s)
08:18:49 INFO	  [ep 18] phase2_top30 loss=1.554 s=35 m=0.12 (119s)
08:19:18 INFO	    val: ARI=0.9133 (n=1298, ids=65)
08:19:29 INFO	    calib: ARI=0.7505 (n=500, ids=324)
08:19:41 INFO	    calib: ARI=0.7219 (n=500, ids=321)
08:19:41 INFO	    mean ARI=0.7953 (best 0.7889)
08:19:41 INFO	    [ckpt] saved ARI=0.7953
08:21:40 INFO	  [ep 19] phase2_top30 loss=1.598 s=37 m=0.13 (118s)
08:23:38 INFO	  [ep 20] phase2_top30 loss=1.621 s=39 m=0.14 (118s)
08:24:07 INFO	    val: ARI=0.9150 (n=1298, ids=65)
08:24:18 INFO	    calib: ARI=0.7581 (n=500, ids=324)
08:24:30 INFO	    calib: ARI=0.7175 (n=500, ids=321)
08:24:30 INFO	    mean ARI=0.7969 (best 0.7953)
08:24:31 INFO	    [ckpt] saved ARI=0.7969
08:26:30 INFO	  [ep 21] phase2_top30 loss=1.681 s=40 m=0.15 (119s)
08:28:29 INFO	  [ep 22] phase2_top30 loss=1.762 s=42 m=0.16 (119s)
08:28:59 INFO	    val: ARI=0.9185 (n=1298, ids=65)
08:29:10 INFO	    calib: ARI=0.7638 (n=500, ids=324)
08:29:21 INFO	    calib: ARI=0.7219 (n=500, ids=321)
08:29:21 INFO	    mean ARI=0.8014 (best 0.7969)
08:29:22 INFO	    [ckpt] saved ARI=0.8014
08:31:21 INFO	  [ep 23] phase2_top30 loss=1.866 s=44 m=0.17 (120s)
08:33:22 INFO	  [ep 24] phase2_top30 loss=1.905 s=45 m=0.18 (120s)
08:33:51 INFO	    val: ARI=0.9196 (n=1298, ids=65)
08:34:02 INFO	    calib: ARI=0.7654 (n=500, ids=324)
08:34:14 INFO	    calib: ARI=0.7289 (n=500, ids=321)
08:34:14 INFO	    mean ARI=0.8046 (best 0.8014)
08:34:14 INFO	    [ckpt] saved ARI=0.8046
08:36:14 INFO	  [ep 25] phase2_top30 loss=2.011 s=47 m=0.19 (120s)
08:38:13 INFO	  [ep 26] phase2_top30 loss=2.095 s=49 m=0.21 (119s)
08:38:43 INFO	    val: ARI=0.9205 (n=1298, ids=65)
08:38:54 INFO	    calib: ARI=0.7690 (n=500, ids=324)
08:39:05 INFO	    calib: ARI=0.7301 (n=500, ids=321)
08:39:05 INFO	    mean ARI=0.8065 (best 0.8046)
08:39:06 INFO	    [ckpt] saved ARI=0.8065
08:41:07 INFO	  [ep 27] phase2_top30 loss=2.169 s=51 m=0.22 (121s)
08:43:06 INFO	  [ep 28] phase2_top30 loss=2.257 s=52 m=0.23 (119s)
08:43:36 INFO	    val: ARI=0.9248 (n=1298, ids=65)
08:43:47 INFO	    calib: ARI=0.7623 (n=500, ids=324)
08:43:58 INFO	    calib: ARI=0.7407 (n=500, ids=321)
08:43:58 INFO	    mean ARI=0.8093 (best 0.8065)
08:43:59 INFO	    [ckpt] saved ARI=0.8093
08:45:58 INFO	  [ep 29] phase2_top30 loss=2.407 s=54 m=0.24 (119s)
08:47:59 INFO	  [ep 30] phase2_top30 loss=2.575 s=56 m=0.25 (120s)
08:48:28 INFO	    val: ARI=0.9318 (n=1298, ids=65)
08:48:39 INFO	    calib: ARI=0.7705 (n=500, ids=324)
08:48:50 INFO	    calib: ARI=0.7337 (n=500, ids=321)
08:48:50 INFO	    mean ARI=0.8120 (best 0.8093)
08:48:51 INFO	    [ckpt] saved ARI=0.8120
08:50:51 INFO	  [ep 31] phase2_top30 loss=2.757 s=57 m=0.26 (120s)
08:52:51 INFO	  [ep 32] phase2_top30 loss=2.862 s=59 m=0.27 (119s)
08:53:20 INFO	    val: ARI=0.9299 (n=1298, ids=65)
08:53:31 INFO	    calib: ARI=0.7684 (n=500, ids=324)
08:53:43 INFO	    calib: ARI=0.7369 (n=500, ids=321)
08:53:43 INFO	    mean ARI=0.8118 (best 0.8120)
08:55:42 INFO	  [ep 33] phase2_top30 loss=3.046 s=61 m=0.28 (119s)
08:57:40 INFO	  [ep 34] phase2_top30 loss=3.140 s=62 m=0.29 (118s)
08:58:10 INFO	    val: ARI=0.9326 (n=1298, ids=65)
08:58:21 INFO	    calib: ARI=0.7742 (n=500, ids=324)
08:58:32 INFO	    calib: ARI=0.7440 (n=500, ids=321)
08:58:32 INFO	    mean ARI=0.8169 (best 0.8120)
08:58:33 INFO	    [ckpt] saved ARI=0.8169
09:00:32 INFO	  [ep 35] phase2_top30 loss=3.283 s=64 m=0.30 (120s)
09:01:02 INFO	    val: ARI=0.9384 (n=1298, ids=65)
09:01:13 INFO	    calib: ARI=0.7826 (n=500, ids=324)
09:01:24 INFO	    calib: ARI=0.7472 (n=500, ids=321)
09:01:24 INFO	    mean ARI=0.8227 (best 0.8169)
09:01:25 INFO	    [ckpt] saved ARI=0.8227
09:01:25 INFO	
======================================================================
09:01:25 INFO	phase3_all: 8 ep  bb=100%  lr_h=1e-04  lr_b=3e-06
09:01:25 INFO	======================================================================
/home/prouser1/miniforge3/envs/animalclef_v4/lib/python3.10/site-packages/torch/autograd/graph.py:744: UserWarning: Plan failed with a cudnnException: CUDNN_BACKEND_EXECUTION_PLAN_DESCRIPTOR: cudnnFinalize Descriptor Failed cudnn_status: CUDNN_STATUS_NOT_SUPPORTED (Triggered internally at ../aten/src/ATen/native/cudnn/Conv_v8.cpp:919.)
  return Variable._execution_engine.run_backward(  # Calls into the C++ engine to run the backward pass
09:05:13 INFO	  [ep 36] phase3_all loss=3.196 s=64 m=0.30 (228s)
09:05:43 INFO	    val: ARI=0.9385 (n=1298, ids=65)
09:05:54 INFO	    calib: ARI=0.7812 (n=500, ids=324)
09:06:05 INFO	    calib: ARI=0.7547 (n=500, ids=321)
09:06:05 INFO	    mean ARI=0.8248 (best 0.8227)
09:06:06 INFO	    [ckpt] saved ARI=0.8248
09:09:55 INFO	  [ep 37] phase3_all loss=3.075 s=64 m=0.30 (229s)
09:13:43 INFO	  [ep 38] phase3_all loss=2.988 s=64 m=0.30 (228s)
09:14:13 INFO	    val: ARI=0.9427 (n=1298, ids=65)
09:14:24 INFO	    calib: ARI=0.7742 (n=500, ids=324)
09:14:36 INFO	    calib: ARI=0.7522 (n=500, ids=321)
09:14:36 INFO	    mean ARI=0.8230 (best 0.8248)
09:18:26 INFO	  [ep 39] phase3_all loss=2.920 s=64 m=0.30 (230s)
09:22:41 INFO	  [ep 40] phase3_all loss=2.779 s=64 m=0.30 (255s)
09:23:13 INFO	    val: ARI=0.9387 (n=1298, ids=65)
09:23:26 INFO	    calib: ARI=0.7746 (n=500, ids=324)
09:23:38 INFO	    calib: ARI=0.7714 (n=500, ids=321)
09:23:38 INFO	    mean ARI=0.8282 (best 0.8248)
09:23:39 INFO	    [ckpt] saved ARI=0.8282
09:27:42 INFO	  [ep 41] phase3_all loss=2.779 s=64 m=0.30 (243s)
09:31:32 INFO	  [ep 42] phase3_all loss=2.722 s=64 m=0.30 (230s)
09:32:02 INFO	    val: ARI=0.9403 (n=1298, ids=65)
09:32:13 INFO	    calib: ARI=0.7829 (n=500, ids=324)
09:32:24 INFO	    calib: ARI=0.7685 (n=500, ids=321)
09:32:24 INFO	    mean ARI=0.8306 (best 0.8282)
09:32:25 INFO	    [ckpt] saved ARI=0.8306
09:36:11 INFO	  [ep 43] phase3_all loss=2.747 s=64 m=0.30 (225s)
09:36:40 INFO	    val: ARI=0.9454 (n=1298, ids=65)
09:36:51 INFO	    calib: ARI=0.7835 (n=500, ids=324)
09:37:02 INFO	    calib: ARI=0.7604 (n=500, ids=321)
09:37:02 INFO	    mean ARI=0.8298 (best 0.8306)
09:37:02 INFO	
======================================================================
09:37:02 INFO	phase4_cool: 4 ep  bb=100%  lr_h=1e-05  lr_b=1e-06
09:37:02 INFO	======================================================================
09:40:53 INFO	  [ep 44] phase4_cool loss=2.634 s=64 m=0.30 (231s)
09:41:22 INFO	    val: ARI=0.9420 (n=1298, ids=65)
09:41:33 INFO	    calib: ARI=0.7794 (n=500, ids=324)
09:41:45 INFO	    calib: ARI=0.7644 (n=500, ids=321)
09:41:45 INFO	    mean ARI=0.8286 (best 0.8306)
09:45:33 INFO	  [ep 45] phase4_cool loss=2.649 s=64 m=0.30 (228s)
09:49:23 INFO	  [ep 46] phase4_cool loss=2.647 s=64 m=0.30 (230s)
09:49:53 INFO	    val: ARI=0.9453 (n=1298, ids=65)
09:50:04 INFO	    calib: ARI=0.7794 (n=500, ids=324)
09:50:15 INFO	    calib: ARI=0.7665 (n=500, ids=321)
09:50:15 INFO	    mean ARI=0.8304 (best 0.8306)
09:54:05 INFO	  [ep 47] phase4_cool loss=2.659 s=64 m=0.30 (230s)
09:54:35 INFO	    val: ARI=0.9421 (n=1298, ids=65)
09:54:46 INFO	    calib: ARI=0.7794 (n=500, ids=324)
09:54:57 INFO	    calib: ARI=0.7710 (n=500, ids=321)
09:54:57 INFO	    mean ARI=0.8308 (best 0.8306)
09:54:58 INFO	    [ckpt] saved ARI=0.8308
09:54:58 INFO	
Done. Best mean ARI: 0.8308
09:54:58 INFO	Checkpoint: /home/prouser1/Downloads/AnimalCLEF/pipeline_v5/artifacts/ckpts/stage9_turtle_long_best.pth
